<?xml version="1.0" encoding="UTF-8"?>
<!-- Generated by org.testng.reporters.JUnitReportReporter -->
<testsuite hostname="DESKTOP-H5SI9MG" failures="0" tests="3" name="libraryAPiMethods.DymanicJson" time="9.457" errors="0" timestamp="2023-08-08T18:45:08 IST" skipped="0">
  <testcase classname="libraryAPiMethods.DymanicJson" name="AddBook" time="0.142"/>
  <testcase classname="libraryAPiMethods.DymanicJson" name="AddBook" time="9.205"/>
  <testcase classname="libraryAPiMethods.DymanicJson" name="AddBook" time="0.110"/>
</testsuite> <!-- libraryAPiMethods.DymanicJson -->
