<?xml version="1.0" encoding="UTF-8"?>
<!-- Generated by org.testng.reporters.JUnitReportReporter -->
<testsuite hostname="Akshay-singh" failures="0" tests="3" name="libraryAPiMethods.DymanicJson" time="2.022" errors="0" timestamp="2023-08-08T20:27:25 IST" skipped="0">
  <testcase classname="libraryAPiMethods.DymanicJson" name="AddBook" time="0.143"/>
  <testcase classname="libraryAPiMethods.DymanicJson" name="AddBook" time="1.719"/>
  <testcase classname="libraryAPiMethods.DymanicJson" name="AddBook" time="0.160"/>
</testsuite> <!-- libraryAPiMethods.DymanicJson -->
