<?xml version="1.0" encoding="UTF-8"?>
<!-- Generated by org.testng.reporters.JUnitReportReporter -->
<testsuite hostname="DESKTOP-H5SI9MG" failures="0" tests="1" name="libraryAPiMethods.DymanicJson" time="17.272" errors="0" timestamp="2023-08-08T17:27:24 IST" skipped="0">
  <testcase classname="libraryAPiMethods.DymanicJson" name="AddBook" time="17.272"/>
</testsuite> <!-- libraryAPiMethods.DymanicJson -->
