<?xml version="1.0" encoding="UTF-8"?>
<!-- Generated by org.testng.reporters.JUnitReportReporter -->
<testsuite hostname="DESKTOP-H5SI9MG" failures="0" tests="1" name="TestIQT.TwoWayAvai" time="12.631" errors="0" timestamp="2023-08-14T12:04:22 IST" skipped="0">
  <testcase classname="TestIQT.TwoWayAvai" name="twoWayAvailibity" time="12.631"/>
</testsuite> <!-- TestIQT.TwoWayAvai -->
