<?xml version="1.0" encoding="UTF-8"?>
<!-- Generated by org.testng.reporters.JUnitReportReporter -->
<testsuite hostname="DESKTOP-H5SI9MG" failures="0" tests="1" name="TestIQT.BookingRequest" time="7.833" errors="0" timestamp="2023-08-14T16:10:42 IST" skipped="0">
  <testcase classname="TestIQT.BookingRequest" name="bookingRequest" time="7.833"/>
</testsuite> <!-- TestIQT.BookingRequest -->
