<?xml version="1.0" encoding="UTF-8"?>
<!-- Generated by org.testng.reporters.JUnitReportReporter -->
<testsuite hostname="DESKTOP-H5SI9MG" failures="0" tests="2" name="TestIQT.LoginIQT" time="6.909" errors="0" timestamp="2023-08-11T14:25:40 IST" skipped="0">
  <testcase classname="TestIQT.LoginIQT" name="oneWayAvailibity" time="4.261"/>
  <testcase classname="TestIQT.LoginIQT" name="LoginTest" time="2.648"/>
</testsuite> <!-- TestIQT.LoginIQT -->
