<?xml version="1.0" encoding="UTF-8"?>
<!-- Generated by org.testng.reporters.JUnitReportReporter -->
<testsuite hostname="DESKTOP-H5SI9MG" failures="0" tests="1" name="loginIQT.LoginIQT" time="5.286" errors="0" timestamp="2023-08-11T11:27:26 IST" skipped="0">
  <testcase classname="loginIQT.LoginIQT" name="LoginTest" time="5.286"/>
</testsuite> <!-- loginIQT.LoginIQT -->
