<?xml version="1.0" encoding="UTF-8"?>
<!-- Generated by org.testng.reporters.JUnitReportReporter -->
<testsuite hostname="Akshay-singh" failures="0" tests="3" name="TestIQT.LoginIQT" time="11.334" errors="0" timestamp="2023-08-11T22:35:24 IST" skipped="0">
  <testcase classname="TestIQT.LoginIQT" name="LoginTest" time="2.153"/>
  <testcase classname="TestIQT.LoginIQT" name="twoWayAvailibity" time="5.161"/>
  <testcase classname="TestIQT.LoginIQT" name="oneWayAvailibity" time="4.020"/>
</testsuite> <!-- TestIQT.LoginIQT -->
