<?xml version="1.0" encoding="UTF-8"?>
<!-- Generated by org.testng.reporters.JUnitReportReporter -->
<testsuite hostname="DESKTOP-H5SI9MG" failures="0" tests="2" name="TestIQT.AddPassenser" time="4.838" errors="0" timestamp="2023-08-14T14:03:05 IST" skipped="0">
  <testcase classname="TestIQT.AddPassenser" name="pricing" time="1.579"/>
  <testcase classname="TestIQT.AddPassenser" name="addPassenser" time="3.259"/>
</testsuite> <!-- TestIQT.AddPassenser -->
