<?xml version="1.0" encoding="UTF-8"?>
<!-- Generated by org.testng.reporters.JUnitReportReporter -->
<testsuite hostname="DESKTOP-H5SI9MG" failures="0" tests="3" name="TestIQT.LoginIQT" time="10.932" errors="0" timestamp="2023-08-11T13:25:27 IST" skipped="0">
  <testcase classname="TestIQT.LoginIQT" name="oneWayAvailibity" time="4.356"/>
  <testcase classname="TestIQT.LoginIQT" name="LoginTest" time="2.787"/>
  <testcase classname="TestIQT.LoginIQT" name="twoWayAvailibity" time="3.789"/>
</testsuite> <!-- TestIQT.LoginIQT -->
