<?xml version="1.0" encoding="UTF-8"?>
<!-- Generated by org.testng.reporters.JUnitReportReporter -->
<testsuite hostname="DESKTOP-H5SI9MG" failures="0" tests="1" name="TestIQT.OneWayAvaiblity" time="6.932" errors="0" timestamp="2023-08-14T11:24:16 IST" skipped="0">
  <testcase classname="TestIQT.OneWayAvaiblity" name="oneWayAvailibity" time="6.932"/>
</testsuite> <!-- TestIQT.OneWayAvaiblity -->
