<?xml version="1.0" encoding="UTF-8"?>
<!-- Generated by org.testng.reporters.JUnitReportReporter -->
<testsuite hostname="DESKTOP-H5SI9MG" failures="0" tests="1" name="TestIQT.BookingRequest" time="14.054" errors="0" timestamp="2023-08-23T17:11:34 IST" skipped="0">
  <testcase classname="TestIQT.BookingRequest" name="bookingRequest" time="14.054"/>
</testsuite> <!-- TestIQT.BookingRequest -->
