<?xml version="1.0" encoding="UTF-8"?>
<!-- Generated by org.testng.reporters.JUnitReportReporter -->
<<<<<<< Updated upstream
<testsuite hostname="Akshay-singh" failures="0" tests="3" name="TestIQT.LoginIQT" time="11.334" errors="0" timestamp="2023-08-11T22:35:24 IST" skipped="0">
  <testcase classname="TestIQT.LoginIQT" name="LoginTest" time="2.153"/>
  <testcase classname="TestIQT.LoginIQT" name="twoWayAvailibity" time="5.161"/>
  <testcase classname="TestIQT.LoginIQT" name="oneWayAvailibity" time="4.020"/>
=======
<testsuite hostname="DESKTOP-H5SI9MG" failures="0" tests="2" name="TestIQT.LoginIQT" time="7.445" errors="0" timestamp="2023-08-14T10:31:02 IST" skipped="0">
  <testcase classname="TestIQT.LoginIQT" name="LoginTest" time="2.651"/>
  <testcase classname="TestIQT.LoginIQT" name="oneWayAvailibity" time="4.794"/>
>>>>>>> Stashed changes
</testsuite> <!-- TestIQT.LoginIQT -->
