<?xml version="1.0" encoding="UTF-8"?>
<!-- Generated by org.testng.reporters.JUnitReportReporter -->
<testsuite hostname="DESKTOP-H5SI9MG" failures="0" tests="1" name="TestIQT.OneWayAvaiblity" time="7.137" errors="0" timestamp="2023-08-14T12:43:43 IST" skipped="0">
  <testcase classname="TestIQT.OneWayAvaiblity" name="oneWayAvailibity" time="7.137"/>
</testsuite> <!-- TestIQT.OneWayAvaiblity -->
