<?xml version="1.0" encoding="UTF-8"?>
<!-- Generated by org.testng.reporters.JUnitReportReporter -->
<testsuite hostname="DESKTOP-H5SI9MG" failures="0" tests="1" name="TestIQT.TwoWayAvai" time="14.084" errors="0" timestamp="2023-08-14T11:45:23 IST" skipped="0">
  <testcase classname="TestIQT.TwoWayAvai" name="twoWayAvailibity" time="14.084"/>
</testsuite> <!-- TestIQT.TwoWayAvai -->
