<?xml version="1.0" encoding="UTF-8"?>
<!-- Generated by org.testng.reporters.JUnitReportReporter -->
<testsuite hostname="DESKTOP-H5SI9MG" failures="0" tests="1" name="TestIQT.Pricing" time="3.068" errors="0" timestamp="2023-08-14T13:09:26 IST" skipped="0">
  <testcase classname="TestIQT.Pricing" name="pricing" time="3.068"/>
</testsuite> <!-- TestIQT.Pricing -->
