<?xml version="1.0" encoding="UTF-8"?>
<!-- Generated by org.testng.reporters.JUnitReportReporter -->
<testsuite hostname="DESKTOP-H5SI9MG" failures="0" tests="2" name="codeStudio.FirstGetRequest" time="2.617" errors="0" timestamp="2023-11-02T19:17:17 IST" skipped="0">
  <testcase classname="codeStudio.FirstGetRequest" name="singleUser" time="0.346"/>
  <testcase classname="codeStudio.FirstGetRequest" name="ListUser" time="2.271"/>
</testsuite> <!-- codeStudio.FirstGetRequest -->
