<?xml version="1.0" encoding="UTF-8"?>
<!-- Generated by org.testng.reporters.JUnitReportReporter -->
<testsuite hostname="DESKTOP-H5SI9MG" failures="0" tests="1" name="codeStudio.FirstGetRequest" time="3.172" errors="0" timestamp="2023-11-02T12:44:15 IST" skipped="0">
  <testcase classname="codeStudio.FirstGetRequest" name="singleUser" time="3.172"/>
</testsuite> <!-- codeStudio.FirstGetRequest -->
