<?xml version="1.0" encoding="UTF-8"?>
<!-- Generated by org.testng.reporters.JUnitReportReporter -->
<testsuite hostname="DESKTOP-H5SI9MG" failures="0" tests="3" name="endToEndCommTest.OrderProduct" time="0.456" errors="0" timestamp="2023-08-18T16:16:42 IST" skipped="0">
  <testcase classname="endToEndCommTest.OrderProduct" name="Login" time="0.210"/>
  <testcase classname="endToEndCommTest.OrderProduct" name="CreateItems" time="0.147"/>
  <testcase classname="endToEndCommTest.OrderProduct" name="OderProducts" time="0.099"/>
</testsuite> <!-- endToEndCommTest.OrderProduct -->
