<?xml version="1.0" encoding="UTF-8"?>
<!-- Generated by org.testng.reporters.JUnitReportReporter -->
<testsuite hostname="DESKTOP-H5SI9MG" failures="0" tests="6" name="endToEndCommTest.OrderDelete" time="3.792" errors="0" timestamp="2023-08-18T16:19:06 IST" skipped="0">
  <testcase classname="endToEndCommTest.OrderDelete" name="Login" time="2.501"/>
  <testcase classname="endToEndCommTest.OrderDelete" name="CreateItems" time="0.246"/>
  <testcase classname="endToEndCommTest.OrderDelete" name="OderProducts" time="0.736"/>
  <testcase classname="endToEndCommTest.OrderDelete" name="deleteProduct" time="0.128"/>
  <testcase classname="endToEndCommTest.OrderDelete" name="orderView" time="0.086"/>
  <testcase classname="endToEndCommTest.OrderDelete" name="deleteOrder" time="0.095"/>
</testsuite> <!-- endToEndCommTest.OrderDelete -->
