<?xml version="1.0" encoding="UTF-8"?>
<!-- Generated by org.testng.reporters.JUnitReportReporter -->
<testsuite hostname="DESKTOP-H5SI9MG" failures="0" tests="2" name="endToEndCommTest.Createproduct" time="0.281" errors="0" timestamp="2023-08-18T16:16:42 IST" skipped="0">
  <testcase classname="endToEndCommTest.Createproduct" name="Login" time="0.175"/>
  <testcase classname="endToEndCommTest.Createproduct" name="CreateItems" time="0.106"/>
</testsuite> <!-- endToEndCommTest.Createproduct -->
