<?xml version="1.0" encoding="UTF-8"?>
<!-- Generated by org.testng.reporters.JUnitReportReporter -->
<testsuite hostname="DESKTOP-H5SI9MG" failures="0" tests="5" name="endToEndCommTest.OrderView" time="1.030" errors="0" timestamp="2023-08-18T16:16:42 IST" skipped="0">
  <testcase classname="endToEndCommTest.OrderView" name="Login" time="0.648"/>
  <testcase classname="endToEndCommTest.OrderView" name="CreateItems" time="0.126"/>
  <testcase classname="endToEndCommTest.OrderView" name="OderProducts" time="0.085"/>
  <testcase classname="endToEndCommTest.OrderView" name="deleteProduct" time="0.088"/>
  <testcase classname="endToEndCommTest.OrderView" name="orderView" time="0.083"/>
</testsuite> <!-- endToEndCommTest.OrderView -->
