<?xml version="1.0" encoding="UTF-8"?>
<!-- Generated by org.testng.reporters.JUnitReportReporter -->
<testsuite hostname="DESKTOP-H5SI9MG" failures="0" tests="1" name="endToEndCommTest.Createproduct" time="0.284" errors="0" timestamp="2023-08-18T12:06:45 IST" skipped="0">
  <testcase classname="endToEndCommTest.Createproduct" name="CreateItems" time="0.284"/>
</testsuite> <!-- endToEndCommTest.Createproduct -->
