<?xml version="1.0" encoding="UTF-8"?>
<!-- Generated by org.testng.reporters.JUnitReportReporter -->
<testsuite hostname="DESKTOP-H5SI9MG" failures="0" tests="1" name="endToEndCommTest.OrderProduct" time="0.669" errors="0" timestamp="2023-08-18T13:56:52 IST" skipped="0">
  <testcase classname="endToEndCommTest.OrderProduct" name="OderProducts" time="0.669"/>
</testsuite> <!-- endToEndCommTest.OrderProduct -->
