<?xml version="1.0" encoding="UTF-8"?>
<!-- Generated by org.testng.reporters.JUnitReportReporter -->
<testsuite hostname="DESKTOP-H5SI9MG" failures="0" tests="1" name="endToEndCommTest.DeleteProduct" time="0.196" errors="0" timestamp="2023-08-18T15:02:59 IST" skipped="0">
  <testcase classname="endToEndCommTest.DeleteProduct" name="deleteProduct" time="0.196"/>
</testsuite> <!-- endToEndCommTest.DeleteProduct -->
