<?xml version="1.0" encoding="UTF-8"?>
<!-- Generated by org.testng.reporters.JUnitReportReporter -->
<testsuite hostname="DESKTOP-H5SI9MG" failures="0" tests="1" name="endToEndCommTest.EcomApiTest" time="2.668" errors="0" timestamp="2023-08-18T11:37:27 IST" skipped="0">
  <testcase classname="endToEndCommTest.EcomApiTest" name="Login" time="2.668"/>
</testsuite> <!-- endToEndCommTest.EcomApiTest -->
