<?xml version="1.0" encoding="UTF-8"?>
<!-- Generated by org.testng.reporters.JUnitReportReporter -->
<testsuite hostname="DESKTOP-H5SI9MG" failures="0" tests="4" name="endToEndCommTest.DeleteProduct" time="4.309" errors="0" timestamp="2023-08-18T16:16:42 IST" skipped="0">
  <testcase classname="endToEndCommTest.DeleteProduct" name="Login" time="2.697"/>
  <testcase classname="endToEndCommTest.DeleteProduct" name="CreateItems" time="0.400"/>
  <testcase classname="endToEndCommTest.DeleteProduct" name="OderProducts" time="0.665"/>
  <testcase classname="endToEndCommTest.DeleteProduct" name="deleteProduct" time="0.547"/>
</testsuite> <!-- endToEndCommTest.DeleteProduct -->
