<?xml version="1.0" encoding="UTF-8"?>
<!-- Generated by org.testng.reporters.JUnitReportReporter -->
<testsuite hostname="DESKTOP-H5SI9MG" failures="0" tests="1" name="courceApi.SunValidation" time="10.027" errors="0" timestamp="2023-08-08T15:43:56 IST" skipped="0">
  <testcase classname="courceApi.SunValidation" name="getSumPrice" time="10.027"/>
</testsuite> <!-- courceApi.SunValidation -->
